<?xml version="1.0" encoding="UTF-8"?>
<testng-results skipped="0" failed="0" ignored="0" total="2" passed="2">
  <reporter-output>
  </reporter-output>
  <suite name="Suite" duration-ms="51519" started-at="2020-05-12T13:53:45Z" finished-at="2020-05-12T13:54:36Z">
    <groups>
    </groups>
    <test name="Test" duration-ms="51519" started-at="2020-05-12T13:53:45Z" finished-at="2020-05-12T13:54:36Z">
      <class name="Capgemini.Dlg.NewTest1">
        <test-method status="PASS" signature="beforeTest()[pri:0, instance:Capgemini.Dlg.NewTest1@6df97b55]" name="beforeTest" is-config="true" duration-ms="12410" started-at="2020-05-12T13:53:45Z" finished-at="2020-05-12T13:53:57Z">
          <reporter-output>
          </reporter-output>
        </test-method> <!-- beforeTest -->
        <test-method status="PASS" signature="testSignUP1(java.lang.String)[pri:0, instance:Capgemini.Dlg.NewTest1@6df97b55]" name="testSignUP1" duration-ms="17995" started-at="2020-05-12T13:53:57Z" data-provider="data" finished-at="2020-05-12T13:54:15Z">
          <params>
            <param index="0">
              <value>
                <![CDATA[Sachin]]>
              </value>
            </param>
          </params>
          <reporter-output>
          </reporter-output>
        </test-method> <!-- testSignUP1 -->
        <test-method status="PASS" signature="afterTest()[pri:0, instance:Capgemini.Dlg.NewTest1@6df97b55]" name="afterTest" is-config="true" duration-ms="694" started-at="2020-05-12T13:54:15Z" finished-at="2020-05-12T13:54:16Z">
          <reporter-output>
          </reporter-output>
        </test-method> <!-- afterTest -->
        <test-method status="PASS" signature="beforeTest()[pri:0, instance:Capgemini.Dlg.NewTest1@6df97b55]" name="beforeTest" is-config="true" duration-ms="5172" started-at="2020-05-12T13:54:16Z" finished-at="2020-05-12T13:54:21Z">
          <reporter-output>
          </reporter-output>
        </test-method> <!-- beforeTest -->
        <test-method status="PASS" signature="testSignUP1(java.lang.String)[pri:0, instance:Capgemini.Dlg.NewTest1@6df97b55]" name="testSignUP1" duration-ms="14592" started-at="2020-05-12T13:54:21Z" data-provider="data" finished-at="2020-05-12T13:54:35Z">
          <params>
            <param index="0">
              <value>
                <![CDATA[Tendulkar]]>
              </value>
            </param>
          </params>
          <reporter-output>
          </reporter-output>
        </test-method> <!-- testSignUP1 -->
        <test-method status="PASS" signature="afterTest()[pri:0, instance:Capgemini.Dlg.NewTest1@6df97b55]" name="afterTest" is-config="true" duration-ms="622" started-at="2020-05-12T13:54:35Z" finished-at="2020-05-12T13:54:36Z">
          <reporter-output>
          </reporter-output>
        </test-method> <!-- afterTest -->
      </class> <!-- Capgemini.Dlg.NewTest1 -->
    </test> <!-- Test -->
  </suite> <!-- Suite -->
</testng-results>
