<?xml version="1.0" encoding="UTF-8"?>
<testsuite xmlns:xsi="http://www.w3.org/2001/XMLSchema-instance" xsi:noNamespaceSchemaLocation="https://maven.apache.org/surefire/maven-surefire-plugin/xsd/surefire-test-report-3.0.xsd" version="3.0" name="TestSuite" time="27.471" tests="2" errors="0" skipped="0" failures="0">
  <properties>
[...]
</properties>
  <testcase name="testSignUP1" classname="Capgemini.Dlg.NewTest1" time="9.471"/>
  <testcase name="testSignUP1" classname="Capgemini.Dlg.NewTest1" time="8.953"/>
</testsuite>