<?xml version="1.0" encoding="UTF-8"?>
<testng-results skipped="0" failed="0" ignored="0" total="2" passed="2">
  <reporter-output>
  </reporter-output>
  <suite name="Default suite" duration-ms="76059" started-at="2020-05-01T16:17:44Z" finished-at="2020-05-01T16:19:00Z">
    <groups>
    </groups>
    <test name="Default test" duration-ms="76059" started-at="2020-05-01T16:17:44Z" finished-at="2020-05-01T16:19:00Z">
      <class name="Capgemini.Dlg.NewTest1">
        <test-method status="PASS" signature="beforeTest()[pri:0, instance:Capgemini.Dlg.NewTest1@46d56d67]" name="beforeTest" is-config="true" duration-ms="6884" started-at="2020-05-01T21:47:44Z" finished-at="2020-05-01T21:47:51Z">
          <reporter-output>
          </reporter-output>
        </test-method> <!-- beforeTest -->
        <test-method status="PASS" signature="testSignUP1(java.lang.String)[pri:0, instance:Capgemini.Dlg.NewTest1@46d56d67]" name="testSignUP1" duration-ms="27906" started-at="2020-05-01T21:47:51Z" data-provider="data" finished-at="2020-05-01T21:48:19Z">
          <params>
            <param index="0">
              <value>
                <![CDATA[Sachin]]>
              </value>
            </param>
          </params>
          <reporter-output>
          </reporter-output>
        </test-method> <!-- testSignUP1 -->
        <test-method status="PASS" signature="afterTest()[pri:0, instance:Capgemini.Dlg.NewTest1@46d56d67]" name="afterTest" is-config="true" duration-ms="808" started-at="2020-05-01T21:48:19Z" finished-at="2020-05-01T21:48:19Z">
          <reporter-output>
          </reporter-output>
        </test-method> <!-- afterTest -->
        <test-method status="PASS" signature="beforeTest()[pri:0, instance:Capgemini.Dlg.NewTest1@46d56d67]" name="beforeTest" is-config="true" duration-ms="5586" started-at="2020-05-01T21:48:19Z" finished-at="2020-05-01T21:48:25Z">
          <reporter-output>
          </reporter-output>
        </test-method> <!-- beforeTest -->
        <test-method status="PASS" signature="testSignUP1(java.lang.String)[pri:0, instance:Capgemini.Dlg.NewTest1@46d56d67]" name="testSignUP1" duration-ms="33990" started-at="2020-05-01T21:48:25Z" data-provider="data" finished-at="2020-05-01T21:48:59Z">
          <params>
            <param index="0">
              <value>
                <![CDATA[Tendulkar]]>
              </value>
            </param>
          </params>
          <reporter-output>
          </reporter-output>
        </test-method> <!-- testSignUP1 -->
        <test-method status="PASS" signature="afterTest()[pri:0, instance:Capgemini.Dlg.NewTest1@46d56d67]" name="afterTest" is-config="true" duration-ms="847" started-at="2020-05-01T21:48:59Z" finished-at="2020-05-01T21:49:00Z">
          <reporter-output>
          </reporter-output>
        </test-method> <!-- afterTest -->
      </class> <!-- Capgemini.Dlg.NewTest1 -->
    </test> <!-- Default test -->
  </suite> <!-- Default suite -->
</testng-results>
